<?xml version="1.0" encoding="UTF-8"?>
<testng-results ignored="9" total="11" passed="2" failed="0" skipped="0">
  <reporter-output>
  </reporter-output>
  <suite started-at="2024-01-23T16:08:56 IST" name="Default suite" finished-at="2024-01-23T16:11:12 IST" duration-ms="136376">
    <groups>
    </groups>
    <test started-at="2024-01-23T16:08:56 IST" name="Default test" finished-at="2024-01-23T16:11:12 IST" duration-ms="136376">
      <class name="strongroom.Agedcare">
        <test-method is-config="true" signature="setUp()[pri:0, instance:strongroom.Agedcare@4d5650ae]" started-at="2024-01-23T16:08:56 IST" name="setUp" finished-at="2024-01-23T16:09:10 IST" duration-ms="14115" status="PASS">
          <reporter-output>
          </reporter-output>
        </test-method> <!-- setUp -->
        <test-method signature="TransferoutImprest()[pri:3, instance:strongroom.Agedcare@4d5650ae]" started-at="2024-01-23T16:09:10 IST" name="TransferoutImprest" finished-at="2024-01-23T16:10:06 IST" duration-ms="55614" status="PASS">
          <reporter-output>
          </reporter-output>
        </test-method> <!-- TransferoutImprest -->
        <test-method is-config="true" signature="tearDown(org.testng.ITestResult)[pri:0, instance:strongroom.Agedcare@4d5650ae]" started-at="2024-01-23T16:10:06 IST" name="tearDown" finished-at="2024-01-23T16:10:15 IST" duration-ms="9011" status="PASS">
          <params>
            <param index="0">
              <value>
                <![CDATA[[TestResult name=TransferoutImprest status=SUCCESS method=Agedcare.TransferoutImprest()[pri:3, instance:strongroom.Agedcare@4d5650ae] output={null}]]]>
              </value>
            </param>
          </params>
          <reporter-output>
          </reporter-output>
        </test-method> <!-- tearDown -->
        <test-method signature="TransferoutPatient()[pri:4, instance:strongroom.Agedcare@4d5650ae]" started-at="2024-01-23T16:10:15 IST" name="TransferoutPatient" finished-at="2024-01-23T16:11:06 IST" duration-ms="50718" status="PASS">
          <reporter-output>
          </reporter-output>
        </test-method> <!-- TransferoutPatient -->
        <test-method is-config="true" signature="tearDown(org.testng.ITestResult)[pri:0, instance:strongroom.Agedcare@4d5650ae]" started-at="2024-01-23T16:11:06 IST" name="tearDown" finished-at="2024-01-23T16:11:12 IST" duration-ms="6704" status="PASS">
          <params>
            <param index="0">
              <value>
                <![CDATA[[TestResult name=TransferoutPatient status=SUCCESS method=Agedcare.TransferoutPatient()[pri:4, instance:strongroom.Agedcare@4d5650ae] output={null}]]]>
              </value>
            </param>
          </params>
          <reporter-output>
          </reporter-output>
        </test-method> <!-- tearDown -->
        <test-method is-config="true" signature="tearDown()[pri:0, instance:strongroom.Agedcare@4d5650ae]" started-at="2024-01-23T16:11:12 IST" name="tearDown" finished-at="2024-01-23T16:11:12 IST" duration-ms="185" status="PASS">
          <reporter-output>
          </reporter-output>
        </test-method> <!-- tearDown -->
      </class> <!-- strongroom.Agedcare -->
    </test> <!-- Default test -->
  </suite> <!-- Default suite -->
</testng-results>
